  Squirtle.cpp
  POKEmon.cpp
h:\github\poketext\rpgthreaded\working\poketext\poketext\pokemon.cpp(24): warning C4244: 'argument': conversion from 'time_t' to 'unsigned int', possible loss of data
h:\github\poketext\rpgthreaded\working\poketext\poketext\pokemon.cpp(33): warning C4244: 'argument': conversion from 'time_t' to 'unsigned int', possible loss of data
h:\github\poketext\rpgthreaded\working\poketext\poketext\pokemon.cpp(43): warning C4244: 'argument': conversion from 'time_t' to 'unsigned int', possible loss of data
h:\github\poketext\rpgthreaded\working\poketext\poketext\pokemon.cpp(53): warning C4244: 'argument': conversion from 'time_t' to 'unsigned int', possible loss of data
h:\github\poketext\rpgthreaded\working\poketext\poketext\pokemon.cpp(63): warning C4244: 'argument': conversion from 'time_t' to 'unsigned int', possible loss of data
  main.cpp
h:\github\poketext\rpgthreaded\working\poketext\poketext\external.h(56): warning C4018: '<': signed/unsigned mismatch
h:\github\poketext\rpgthreaded\working\poketext\poketext\external.h(90): warning C4129: '_': unrecognized character escape sequence
h:\github\poketext\rpgthreaded\working\poketext\poketext\combat.h(30): warning C4244: 'argument': conversion from 'time_t' to 'unsigned int', possible loss of data
h:\github\poketext\rpgthreaded\working\poketext\poketext\combat.h(52): warning C4129: '_': unrecognized character escape sequence
h:\github\poketext\rpgthreaded\working\poketext\poketext\combat.h(65): warning C4129: '_': unrecognized character escape sequence
h:\github\poketext\rpgthreaded\working\poketext\poketext\combat.h(78): warning C4129: '_': unrecognized character escape sequence
h:\github\poketext\rpgthreaded\working\poketext\poketext\combat.h(91): warning C4129: '_': unrecognized character escape sequence
h:\github\poketext\rpgthreaded\working\poketext\poketext\combat.h(104): warning C4129: '_': unrecognized character escape sequence
h:\github\poketext\rpgthreaded\working\poketext\poketext\combat.h(117): warning C4129: '_': unrecognized character escape sequence
h:\github\poketext\rpgthreaded\working\poketext\poketext\combat.h(130): warning C4129: '_': unrecognized character escape sequence
h:\github\poketext\rpgthreaded\working\poketext\poketext\combat.h(143): warning C4129: '_': unrecognized character escape sequence
h:\github\poketext\rpgthreaded\working\poketext\poketext\combat.h(173): warning C4244: 'argument': conversion from 'time_t' to 'unsigned int', possible loss of data
h:\github\poketext\rpgthreaded\working\poketext\poketext\combat.h(212): warning C4244: 'argument': conversion from 'time_t' to 'unsigned int', possible loss of data
h:\github\poketext\rpgthreaded\working\poketext\poketext\combat.h(285): warning C4244: 'argument': conversion from 'time_t' to 'unsigned int', possible loss of data
h:\github\poketext\rpgthreaded\working\poketext\poketext\combat.h(358): warning C4244: 'argument': conversion from 'time_t' to 'unsigned int', possible loss of data
h:\github\poketext\rpgthreaded\working\poketext\poketext\playercreation.h(58): warning C4101: 'PokeNumber': unreferenced local variable
  Charmander.cpp
  Bulbasur.cpp
  Generating Code...
  PokeText.vcxproj -> H:\GitHub\PokeText\RPGthreaded\Working\PokeText\Debug\PokeText.exe
  PokeText.vcxproj -> H:\GitHub\PokeText\RPGthreaded\Working\PokeText\Debug\PokeText.pdb (Partial PDB)
